============= BUILDING STARTED ============
  Project: projekat_m3
===========================================
Assembling .a and .s files...
   [delete] Deleting: C:\CirrusDSP\clide\workspace\projekat_m3\output\standalone\src\signalProc.O
C:/CirrusDSP/clide/workspace/projekat_m3/src/signalProc.a
C:/CirrusDSP/bin/casm C:/CirrusDSP/clide/workspace/projekat_m3/src/signalProc.a
 --debug
 -c
 -s
 -e
 --cdl
 -D_TOOLS_VERSION_=0x0701
 -D_SLOT_=0
 -D_OVLY_=standalone
 -D_OVLY_REVISION_=020000
 -D_VERSION_=00
 -D_DSP_=a
 -D_COMMON_INC_PATH_=C:/CirrusDSP/crystal32/common/inc/
 -D_TARGET_FAMILY_=crystal32
 -D_MUI_VERSION_=020000
 -IC:/CirrusDSP/include/
 -IC:/CirrusDSP/include/dsplib/
 -IC:/CirrusDSP/clide/workspace/projekat_m3/inc/
 -lC:/CirrusDSP/clide/workspace/projekat_m3/output/standalone/src/signalProc.lst
 -oC:/CirrusDSP/clide/workspace/projekat_m3/output/standalone/src/signalProc.O
 -iC:/CirrusDSP/crystal32/common/inc/base.h
 -D_LOCAL_SRC_PATH_=src/
 -D_LOCAL_INC_PATH_=inc/
 -D_ROUTER_INC_PATH_=rom_inc/
Linking files...
C:/CirrusDSP/bin/clink
 -oC:/CirrusDSP/clide/workspace/projekat_m3/output/standalone/projekat_m3.img
 -fC:/CirrusDSP/crystal32/memory_maps/v00.mem.xml
 --output_type=RAM
 --overlay_type=standalone
 -lC:/CirrusDSP/lib/
 -lC:/CirrusDSP/lib/dsplib
 -lC:/CirrusDSP/lib/dsplib/crystal32/
C:/CirrusDSP/clide/workspace/projekat_m3/output/standalone/src/main.O
C:/CirrusDSP/clide/workspace/projekat_m3/output/standalone/src/signalProc.O
     [exec] Warning #507: Unknown class: Y_OS_CC_GLOBALS
     [exec]             for the segment: CC_HEAPSTEAL_VALUES
     [exec]             from the module: C:\CirrusDSP\lib\dsplib\crystal32\cl_heapsteal.O
     [exec] 
     [exec] List of linked library's modules:
     [exec] C:\CirrusDSP\lib\crt0.o
     [exec] C:\CirrusDSP\lib\div.o
     [exec] C:\CirrusDSP\lib\exit.o
     [exec] C:\CirrusDSP\lib\simulator_stack.o
     [exec] C:\CirrusDSP\lib\strcmp.o
     [exec] C:\CirrusDSP\lib\strcpy_x2x.o
     [exec] C:\CirrusDSP\lib\udiv.o
     [exec] C:\CirrusDSP\lib\dsplib\crystal32\cl_wavread_bits_per_sample.o
     [exec] C:\CirrusDSP\lib\dsplib\crystal32\cl_wavread_close.o
     [exec] C:\CirrusDSP\lib\dsplib\crystal32\cl_wavread_frame_rate.o
     [exec] C:\CirrusDSP\lib\dsplib\crystal32\cl_wavread_getnchannels.o
     [exec] C:\CirrusDSP\lib\dsplib\crystal32\cl_wavread
     [exec] _number_of_frames.o
     [exec] C:\CirrusDSP\lib\dsplib\crystal32\cl_wavread_open.o
     [exec] C:\CirrusDSP\lib\dsplib\crystal32\cl_wavread_recvsample.o
     [exec] C:\CirrusDSP\lib\dsplib\crystal32\cl_wavwrite_close.o
     [exec] C:\CirrusDSP\lib\dsplib\crystal32\cl_wavwrite_open.o
     [exec] C:\CirrusDSP\lib\dsplib\crystal32\cl_wavwrite_sendsample.o
     [exec] C:\CirrusDSP\lib\dsplib\crystal32\printf.o
Creating .uld file...
C:/CirrusDSP/bin/lnkuld
 -ja
 C:/CirrusDSP/clide/workspace/projekat_m3/output/standalone/projekat_m3.img
 C:/CirrusDSP/clide/workspace/projekat_m3/output/standalone/projekat_m3.uld
     [exec] 
     [exec] Reading file: C:/CirrusDSP/clide/workspace/projekat_m3/output/standalone/projekat_m3.img ...
     [exec] 	Processed 722 line(s).
     [exec] 
     [exec] Writing output to file: C:/CirrusDSP/clide/workspace/projekat_m3/output/standalone/projekat_m3.uld ...
     [exec] 
     [exec] Done!
     [exec] 
     [exec] Writing output to file: C:/CirrusDSP/clide/workspace/projekat_m3/output/standalone/projekat_m3.uldb ...
     [exec] 
     [exec] Done!
     [exec] 
     [exec] Writing output to file: C:/CirrusDSP/clide/workspace/projekat_m3/output/standalone/projekat_m3.uldc ...

BUILD SUCCESSFUL
Total time: 1 second
